tig00000037	NZ_CP041738.1	99.661	3540	10	2	57660	61197	1792678	1789139	0.0	6469
tig00000037	NZ_CP041738.1	99.664	2378	8	0	94277	96654	1787985	1785608	0.0	4348
tig00000037	NZ_CP041738.1	99.647	1416	5	0	101917	103332	1778165	1776750	0.0	2588
tig00000037	NZ_CP041738.1	81.000	3200	570	36	134268	137452	479903	476727	0.0	2507
tig00000037	NZ_CP041738.1	99.342	1367	8	1	130262	131627	1779157	1780523	0.0	2473
tig00000037	NZ_CP041738.1	99.198	1371	10	1	117133	118502	1779152	1780522	0.0	2470
tig00000037	NZ_CP041738.1	99.268	1366	10	0	105194	106559	1779157	1780522	0.0	2468
tig00000037	NZ_CP041738.1	99.851	1338	2	0	96656	97993	471796	470459	0.0	2460
tig00000037	NZ_CP041738.1	99.555	1349	6	0	161180	162528	471800	470452	0.0	2459
tig00000037	NZ_CP041738.1	99.702	1343	4	0	35832	37174	470458	471800	0.0	2459
tig00000037	NZ_CP041738.1	99.622	1324	4	1	38567	39889	471787	470464	0.0	2416
tig00000037	NZ_CP041738.1	98.792	1242	4	1	55051	56292	1794776	1793546	0.0	2200
tig00000037	NZ_CP041738.1	96.187	1154	43	1	29517	30670	1789138	1787986	0.0	1886
tig00000037	NZ_CP041738.1	95.472	1060	41	6	218518	219573	1789042	1787986	0.0	1685
tig00000037	NZ_CP041738.1	99.140	814	6	1	24016	24829	442843	443655	0.0	1463
tig00000037	NZ_CP041738.1	99.139	813	7	0	24013	24825	450744	449932	0.0	1463
tig00000037	NZ_CP041738.1	98.771	814	8	2	16982	17794	450741	449929	0.0	1447
tig00000037	NZ_CP041738.1	98.889	810	8	1	16983	17791	442844	443653	0.0	1445
tig00000037	NZ_CP041738.1	97.546	815	6	13	221892	222699	443652	442845	0.0	1382
tig00000037	NZ_CP041738.1	97.546	815	6	13	221892	222699	449932	450739	0.0	1382
tig00000037	NZ_CP041738.1	84.649	1381	190	16	53678	55043	544559	545932	0.0	1356
tig00000037	NZ_CP041738.1	84.443	1382	193	16	56294	57660	544559	545933	0.0	1341
tig00000037	NZ_CP041738.1	80.156	1537	294	10	91468	93000	130306	131835	0.0	1138
tig00000037	NZ_CP041738.1	91.429	735	60	3	2110	2842	443577	442844	0.0	1005
tig00000037	NZ_CP041738.1	91.429	735	60	3	2110	2842	450007	450740	0.0	1005
tig00000037	NZ_CP041738.1	86.897	809	106	0	36362	37170	443801	444609	0.0	907
tig00000037	NZ_CP041738.1	86.897	809	106	0	161184	161992	444609	443801	0.0	907
tig00000037	NZ_CP041738.1	86.897	809	106	0	96656	97464	444609	443801	0.0	907
tig00000037	NZ_CP041738.1	86.625	800	106	1	38567	39365	444600	443801	0.0	883
tig00000037	NZ_CP041738.1	98.583	494	3	2	150028	150521	443329	442840	0.0	870
tig00000037	NZ_CP041738.1	98.384	495	5	1	150022	150516	450249	450740	0.0	867
tig00000037	NZ_CP041738.1	100.000	422	0	0	97994	98415	1778675	1778254	0.0	780
tig00000037	NZ_CP041738.1	99.268	410	2	1	2035	2444	447494	447902	0.0	739
tig00000037	NZ_CP041738.1	99.003	301	3	0	149736	150036	443653	443353	1.60e-151	540
tig00000037	NZ_CP041738.1	99.000	300	3	0	149737	150036	449932	450231	5.74e-151	538
tig00000037	NZ_CP041738.1	100.000	246	0	0	53434	53679	471796	471551	5.95e-126	455
tig00000037	NZ_CP041738.1	91.791	268	22	0	152197	152464	1796535	1796268	1.71e-101	374
tig00000037	NZ_CP041738.1	95.536	224	10	0	75101	75324	1787762	1787985	4.80e-97	359
tig00000037	NZ_CP041738.1	76.117	649	138	13	133630	134269	1807052	1807692	1.75e-86	324
tig00000037	NZ_CP041738.1	75.963	649	139	13	177878	178517	1807052	1807692	8.14e-85	318
tig00000037	NZ_CP041738.1	88.211	246	29	0	53434	53679	444609	444364	1.37e-77	294
tig00000037	NZ_CP041738.1	91.707	205	17	0	61180	61384	1778195	1777991	8.25e-75	285
tig00000037	NZ_CP041738.1	86.640	247	33	0	65246	65492	1778003	1777757	1.79e-71	274
tig00000037	NZ_CP041738.1	100.000	120	0	0	53677	53796	1779037	1779156	6.56e-56	222
tig00000037	NZ_CP041738.1	100.000	119	0	0	56294	56412	1779038	1779156	2.36e-55	220
tig00000037	NZ_CP041738.1	98.095	105	2	0	214020	214124	1789139	1789035	3.10e-44	183
tig00000037	NZ_CP041738.1	85.380	171	23	2	152298	152467	444520	444351	5.18e-42	176
tig00000037	NZ_CP041738.1	97.959	98	2	0	100307	100404	1778253	1778156	2.41e-40	171
tig00000037	NZ_CP041738.1	91.765	85	7	0	192454	192538	425730	425646	8.86e-25	119
tig00000037	NZ_CP041738.1	93.939	66	2	2	167853	167918	3057579	3057642	1.15e-18	99.0
tig00000037	NZ_CP041738.1	100.000	29	0	0	38555	38583	1795197	1795225	2.53e-05	54.7
tig00000037	NZ_CP041738.1	100.000	28	0	0	38556	38583	1779018	1778991	9.11e-05	52.8
tig00000037	NZ_CP041739.1	99.556	1352	4	2	96656	98006	47128	48478	0.0	2462
tig00000037	NZ_CP041739.1	99.702	1344	4	0	161178	162521	47122	48465	0.0	2460
tig00000037	NZ_CP041739.1	99.776	1341	3	0	35833	37173	48465	47125	0.0	2460
tig00000037	NZ_CP041739.1	99.622	1324	4	1	38567	39889	47137	48460	0.0	2416
tig00000037	NZ_CP041739.1	99.602	251	0	1	53429	53679	47124	47373	1.65e-126	457
tig00000037	NZ_CP041739.1	75.676	629	129	22	212066	212683	51892	51277	4.93e-77	292
tig00000037	NZ_CP041739.1	91.765	85	7	0	192454	192538	7878	7794	8.86e-25	119
tig00000037	NZ_CP041739.1	97.297	37	0	1	212267	212302	51799	51763	1.51e-07	62.1
tig00000037	NZ_CP041740.1	99.631	814	3	0	24017	24830	37994	38807	0.0	1487
tig00000037	NZ_CP041740.1	99.753	809	2	0	24017	24825	4866	5674	0.0	1483
tig00000037	NZ_CP041740.1	99.631	813	2	1	24017	24829	26901	27712	0.0	1483
tig00000037	NZ_CP041740.1	99.383	810	4	1	16982	17790	4865	5674	0.0	1467
tig00000037	NZ_CP041740.1	99.383	810	4	1	16983	17791	26901	27710	0.0	1467
tig00000037	NZ_CP041740.1	99.382	809	4	1	16983	17790	37994	38802	0.0	1465
tig00000037	NZ_CP041740.1	99.746	787	2	0	24039	24825	33929	33143	0.0	1443
tig00000037	NZ_CP041740.1	99.365	787	4	1	17005	17790	33929	33143	0.0	1424
tig00000037	NZ_CP041740.1	98.039	816	2	13	221891	222699	38803	37995	0.0	1406
tig00000037	NZ_CP041740.1	98.037	815	2	13	221892	222699	5674	4867	0.0	1404
tig00000037	NZ_CP041740.1	98.037	815	2	13	221892	222699	27709	26902	0.0	1404
tig00000037	NZ_CP041740.1	97.878	801	2	14	221885	222678	33137	33929	0.0	1371
tig00000037	NZ_CP041740.1	81.216	1480	234	31	181485	182940	27718	29177	0.0	1153
tig00000037	NZ_CP041740.1	91.463	738	60	3	2109	2844	27635	26899	0.0	1011
tig00000037	NZ_CP041740.1	91.440	736	60	3	2109	2842	5600	4866	0.0	1007
tig00000037	NZ_CP041740.1	91.440	736	60	3	2109	2842	38728	37994	0.0	1007
tig00000037	NZ_CP041740.1	88.917	794	75	11	2034	2820	33142	33929	0.0	966
tig00000037	NZ_CP041740.1	98.207	502	4	3	150028	150528	5351	4854	0.0	872
tig00000037	NZ_CP041740.1	98.978	489	2	1	150028	150516	27386	26901	0.0	872
tig00000037	NZ_CP041740.1	98.978	489	2	1	150028	150516	38479	37994	0.0	872
tig00000037	NZ_CP041740.1	98.520	473	4	1	150022	150494	33460	33929	0.0	832
tig00000037	NZ_CP041740.1	100.000	425	0	0	147189	147613	12658	12234	0.0	785
tig00000037	NZ_CP041740.1	100.000	425	0	0	147189	147613	14577	15001	0.0	785
tig00000037	NZ_CP041740.1	100.000	301	0	0	149736	150036	27710	27410	1.58e-156	556
tig00000037	NZ_CP041740.1	100.000	300	0	0	149737	150036	5674	5375	5.70e-156	555
tig00000037	NZ_CP041740.1	100.000	300	0	0	149737	150036	33143	33442	5.70e-156	555
tig00000037	NZ_CP041740.1	100.000	300	0	0	149737	150036	38802	38503	5.70e-156	555
tig00000037	NZ_CP041740.1	80.851	141	23	3	32618	32755	33930	34069	1.92e-21	108
tig00000041	NZ_CP041740.1	100.000	3844	0	0	30533	34376	33133	29290	0.0	7099
tig00000041	NZ_CP041740.1	96.750	2708	85	3	10396	13101	42419	39713	0.0	4510
tig00000041	NZ_CP041740.1	99.591	1957	0	8	1	1953	31242	29290	0.0	3563
tig00000041	NZ_CP041740.1	100.000	813	0	0	34377	35189	38802	37990	0.0	1502
tig00000041	NZ_CP041740.1	100.000	813	0	0	1954	2766	38802	37990	0.0	1502
tig00000041	NZ_CP041740.1	100.000	810	0	0	34376	35185	27710	26901	0.0	1496
tig00000041	NZ_CP041740.1	100.000	810	0	0	1953	2762	27710	26901	0.0	1496
tig00000041	NZ_CP041740.1	99.877	813	1	0	24427	25239	38802	37990	0.0	1496
tig00000041	NZ_CP041740.1	100.000	809	0	0	34377	35185	5674	4866	0.0	1495
tig00000041	NZ_CP041740.1	100.000	809	0	0	1954	2762	5674	4866	0.0	1495
tig00000041	NZ_CP041740.1	99.877	812	1	0	21679	22490	38805	37994	0.0	1495
tig00000041	NZ_CP041740.1	99.754	814	2	0	7687	8500	4866	5679	0.0	1493
tig00000041	NZ_CP041740.1	99.877	811	1	0	29412	30222	38802	37992	0.0	1493
tig00000041	NZ_CP041740.1	99.877	810	1	0	24426	25235	5675	4866	0.0	1491
tig00000041	NZ_CP041740.1	99.877	810	1	0	21682	22491	27709	26900	0.0	1491
tig00000041	NZ_CP041740.1	99.877	810	1	0	7686	8495	37993	38802	0.0	1491
tig00000041	NZ_CP041740.1	99.876	809	1	0	29412	30220	5674	4866	0.0	1489
tig00000041	NZ_CP041740.1	99.876	809	1	0	21682	22490	5674	4866	0.0	1489
tig00000041	NZ_CP041740.1	99.876	809	1	0	7687	8495	26901	27709	0.0	1489
tig00000041	NZ_CP041740.1	99.876	809	1	0	29412	30220	27709	26901	0.0	1489
tig00000041	NZ_CP041740.1	99.876	809	1	0	24427	25235	27709	26901	0.0	1489
tig00000041	NZ_CP041740.1	99.630	810	3	0	13119	13928	4865	5674	0.0	1480
tig00000041	NZ_CP041740.1	99.507	812	4	0	13117	13928	26898	27709	0.0	1478
tig00000041	NZ_CP041740.1	99.629	809	3	0	13120	13928	37994	38802	0.0	1478
tig00000041	NZ_CP041740.1	99.748	794	1	1	1947	2740	33137	33929	0.0	1454
tig00000041	NZ_CP041740.1	99.748	794	1	1	34370	35163	33137	33929	0.0	1454
tig00000041	NZ_CP041740.1	99.873	789	1	0	7709	8497	33929	33141	0.0	1452
tig00000041	NZ_CP041740.1	99.873	788	1	0	29411	30198	33142	33929	0.0	1450
tig00000041	NZ_CP041740.1	99.873	787	1	0	21682	22468	33143	33929	0.0	1448
tig00000041	NZ_CP041740.1	99.873	787	1	0	24427	25213	33143	33929	0.0	1448
tig00000041	NZ_CP041740.1	99.495	792	3	1	13142	13932	33929	33138	0.0	1439
tig00000041	NZ_CP041740.1	82.555	321	47	7	9301	9617	43155	42840	3.20e-72	274
tig00000041	NZ_CP041740.1	87.597	129	7	8	9678	9799	42815	42689	3.39e-32	141
tig00000041	NZ_CP041740.1	88.235	51	4	2	9304	9354	43103	43151	9.75e-08	60.2
tig00000041	NZ_CP041738.1	99.385	813	5	0	34376	35188	443653	442841	0.0	1474
tig00000041	NZ_CP041738.1	99.385	813	5	0	1953	2765	443653	442841	0.0	1474
tig00000041	NZ_CP041738.1	99.506	809	4	0	1954	2762	449932	450740	0.0	1472
tig00000041	NZ_CP041738.1	99.506	809	4	0	34377	35185	449932	450740	0.0	1472
tig00000041	NZ_CP041738.1	99.383	811	5	0	29410	30220	449930	450740	0.0	1471
tig00000041	NZ_CP041738.1	99.263	814	6	0	21682	22495	449932	450745	0.0	1471
tig00000041	NZ_CP041738.1	99.024	820	7	1	7687	8506	442844	443662	0.0	1469
tig00000041	NZ_CP041738.1	99.383	810	5	0	7687	8496	450740	449931	0.0	1469
tig00000041	NZ_CP041738.1	99.261	812	6	0	24427	25238	443652	442841	0.0	1467
tig00000041	NZ_CP041738.1	99.382	809	5	0	29412	30220	443652	442844	0.0	1467
tig00000041	NZ_CP041738.1	99.382	809	5	0	21682	22490	443652	442844	0.0	1467
tig00000041	NZ_CP041738.1	99.382	809	5	0	24427	25235	449932	450740	0.0	1467
tig00000041	NZ_CP041738.1	99.138	812	7	0	13119	13930	450741	449930	0.0	1461
tig00000041	NZ_CP041738.1	99.135	809	7	0	13120	13928	442844	443652	0.0	1456
tig00000041	NZ_CP041738.1	92.547	161	12	0	17760	17920	1769053	1768893	1.95e-59	231
tig00000046	NZ_CP041740.1	99.878	817	0	1	3424	4240	37987	38802	0.0	1502
tig00000046	NZ_CP041740.1	100.000	810	0	0	3432	4241	4866	5675	0.0	1496
tig00000046	NZ_CP041740.1	100.000	809	0	0	3432	4240	26901	27709	0.0	1495
tig00000046	NZ_CP041740.1	100.000	787	0	0	3454	4240	33929	33143	0.0	1454
tig00000046	NZ_CP041738.1	99.384	812	5	0	3429	4240	442841	443652	0.0	1472
tig00000046	NZ_CP041738.1	99.384	812	5	0	3432	4243	450740	449929	0.0	1472
tig00000046	NZ_CP041738.1	83.430	688	111	3	7781	8467	474582	475267	0.0	636
tig00000046	NZ_CP041738.1	97.222	36	1	0	11805	11840	2231866	2231831	8.91e-09	62.1
tig00000046	NZ_CP041738.1	97.222	36	1	0	1049	1084	2231866	2231831	8.91e-09	62.1
tig00000046	NZ_CP041739.1	83.412	639	104	2	7785	8422	38577	39214	2.55e-168	592
tig00000047	NZ_CP041739.1	91.765	85	7	0	10838	10922	7794	7878	6.54e-26	119
tig00000047	NZ_CP041738.1	91.765	85	7	0	10838	10922	425646	425730	6.54e-26	119
tig00000173	NZ_CP041738.1	93.482	4004	191	49	7781	11735	1003577	999595	0.0	5884
tig00000173	NZ_CP041738.1	94.743	3310	146	26	8438	11735	2659432	2662725	0.0	5123
tig00000173	NZ_CP041738.1	94.760	3225	145	23	8523	11735	219306	216094	0.0	4998
tig00000173	NZ_CP041738.1	94.760	3225	145	23	8523	11735	3099243	3102455	0.0	4998
tig00000173	NZ_CP041738.1	95.631	1648	57	13	11851	13489	999594	997953	0.0	2630
tig00000173	NZ_CP041738.1	95.631	1648	57	13	11851	13489	2662726	2664367	0.0	2630
tig00000173	NZ_CP041738.1	96.608	1474	40	10	12021	13489	3102527	3103995	0.0	2436
tig00000173	NZ_CP041738.1	96.472	1474	42	10	12021	13489	216022	214554	0.0	2425
tig00000173	NZ_CP041738.1	85.901	383	21	17	7402	7780	1003965	1003612	8.00e-104	377
tig00000173	NZ_CP041738.1	89.017	173	12	4	7175	7342	1003782	1003612	1.11e-52	207
tig00000173	NZ_CP041738.1	97.674	86	2	0	7858	7943	1272672	1272587	6.83e-35	148
tig00000173	NZ_CP041738.1	100.000	75	0	0	11938	12012	220090	220016	4.11e-32	139
tig00000173	NZ_CP041738.1	88.696	115	9	4	7621	7734	1272752	1272641	1.48e-31	137
tig00000173	NZ_CP041738.1	98.649	74	1	0	8224	8297	220866	220793	6.88e-30	132
tig00000173	NZ_CP041738.1	98.649	74	1	0	8224	8297	221632	221559	6.88e-30	132
tig00000173	NZ_CP041738.1	97.368	76	2	0	8136	8211	219394	219319	2.47e-29	130
tig00000173	NZ_CP041738.1	93.333	90	3	3	7084	7172	1003966	1003879	2.47e-29	130
tig00000173	NZ_CP041738.1	95.122	82	4	0	7186	7267	1272751	1272670	2.47e-29	130
tig00000173	NZ_CP041738.1	97.368	76	2	0	8136	8211	3099155	3099230	2.47e-29	130
tig00000173	NZ_CP041738.1	94.872	78	3	1	7944	8020	221278	221201	1.49e-26	121
tig00000174	NZ_CP041738.1	98.991	11105	103	9	558786	569883	531755	520653	0.0	19878
tig00000174	NZ_CP041738.1	85.645	10338	1327	123	713611	723841	167948	178235	0.0	10724
tig00000174	NZ_CP041738.1	89.821	6700	660	21	525911	532599	1803470	1796782	0.0	8575
tig00000174	NZ_CP041738.1	84.805	8358	1180	75	1915627	1923945	1821535	1813229	0.0	8316
tig00000174	NZ_CP041738.1	92.078	5403	414	10	509903	515300	1818622	1813229	0.0	7594
tig00000174	NZ_CP041738.1	92.833	4730	205	60	393082	397720	220780	216094	0.0	6734
tig00000174	NZ_CP041738.1	93.921	3948	173	39	624140	628058	220003	216094	0.0	5899
tig00000174	NZ_CP041738.1	93.482	4004	191	49	6840	10794	1003577	999595	0.0	5884
tig00000174	NZ_CP041738.1	94.061	3856	172	32	624232	628058	3098628	3102455	0.0	5799
tig00000174	NZ_CP041738.1	85.282	5646	797	30	1918456	1924089	2189054	2183431	0.0	5792
tig00000174	NZ_CP041738.1	94.002	3851	174	32	393899	397720	3098633	3102455	0.0	5779
tig00000174	NZ_CP041738.1	85.424	5557	768	34	509903	515444	2188960	2183431	0.0	5736
tig00000174	NZ_CP041738.1	94.893	3309	142	25	1588688	1591984	999595	1002888	0.0	5149
tig00000174	NZ_CP041738.1	94.862	3309	142	26	1588688	1591984	2662725	2659433	0.0	5144
tig00000174	NZ_CP041738.1	94.743	3310	146	26	7497	10794	2659432	2662725	0.0	5123
tig00000174	NZ_CP041738.1	94.884	3225	141	23	1052495	1055707	216094	219306	0.0	5020
tig00000174	NZ_CP041738.1	94.884	3225	141	23	1588688	1591900	216094	219306	0.0	5020
tig00000174	NZ_CP041738.1	94.857	3228	142	23	1052495	1055710	3102455	3099240	0.0	5020
tig00000174	NZ_CP041738.1	94.884	3225	141	23	1588688	1591900	3102455	3099243	0.0	5020
tig00000174	NZ_CP041738.1	94.853	3225	142	23	298417	301629	219306	216094	0.0	5014
tig00000174	NZ_CP041738.1	94.853	3225	142	23	1052495	1055707	999595	1002807	0.0	5014
tig00000174	NZ_CP041738.1	94.853	3225	142	23	624846	628058	1002807	999595	0.0	5014
tig00000174	NZ_CP041738.1	94.827	3228	143	23	298414	301629	3099240	3102455	0.0	5014
tig00000174	NZ_CP041738.1	94.822	3225	143	23	298417	301629	1002807	999595	0.0	5009
tig00000174	NZ_CP041738.1	94.822	3225	142	24	624846	628058	2659514	2662725	0.0	5007
tig00000174	NZ_CP041738.1	94.822	3225	142	24	1052495	1055707	2662725	2659514	0.0	5007
tig00000174	NZ_CP041738.1	94.791	3225	143	24	298417	301629	2659514	2662725	0.0	5001
tig00000174	NZ_CP041738.1	94.760	3225	145	23	7582	10794	219306	216094	0.0	4998
tig00000174	NZ_CP041738.1	94.760	3225	145	23	394508	397720	1002807	999595	0.0	4998
tig00000174	NZ_CP041738.1	94.760	3225	145	23	7582	10794	3099243	3102455	0.0	4998
tig00000174	NZ_CP041738.1	94.729	3225	145	24	394508	397720	2659514	2662725	0.0	4990
tig00000174	NZ_CP041738.1	93.050	3367	154	56	2771555	2774866	1003577	1000236	0.0	4848
tig00000174	NZ_CP041738.1	86.740	4246	557	5	525900	530141	2176720	2172477	0.0	4717
tig00000174	NZ_CP041738.1	88.984	3604	367	17	710017	713612	164315	167896	0.0	4429
tig00000174	NZ_CP041738.1	83.922	4702	634	87	705051	709724	157028	161635	0.0	4383
tig00000174	NZ_CP041738.1	94.538	2673	109	32	2772212	2774866	2659432	2662085	0.0	4093
tig00000174	NZ_CP041738.1	92.480	2806	211	0	543384	546189	467612	464807	0.0	4013
tig00000174	NZ_CP041738.1	94.474	2588	109	30	2772297	2774866	219306	216735	0.0	3956
tig00000174	NZ_CP041738.1	94.474	2588	109	30	2772297	2774866	3099243	3101814	0.0	3956
tig00000174	NZ_CP041738.1	89.562	3085	311	8	519300	522378	2181812	2178733	0.0	3903
tig00000174	NZ_CP041738.1	89.526	3036	309	8	1927075	1930104	2181767	2178735	0.0	3836
tig00000174	NZ_CP041738.1	84.835	3818	547	23	596959	600762	3042978	3046777	0.0	3814
tig00000174	NZ_CP041738.1	75.323	8121	1829	152	2420151	2428190	1640982	1649008	0.0	3733
tig00000174	NZ_CP041738.1	85.044	3664	540	8	593150	596809	3039084	3042743	0.0	3723
tig00000174	NZ_CP041738.1	91.586	2484	209	0	541400	543883	469344	466861	0.0	3430
tig00000174	NZ_CP041738.1	89.246	2706	291	0	1936470	1939175	1803470	1800765	0.0	3386
tig00000174	NZ_CP041738.1	88.109	2708	320	2	1936469	1939175	2176709	2174003	0.0	3216
tig00000174	NZ_CP041738.1	95.543	1952	70	12	10910	12850	999594	997649	0.0	3107
tig00000174	NZ_CP041738.1	95.543	1952	69	13	10910	12850	2662726	2664670	0.0	3107
tig00000174	NZ_CP041738.1	95.443	1953	71	13	397836	399776	999594	997648	0.0	3097
tig00000174	NZ_CP041738.1	95.443	1953	70	14	397836	399776	2662726	2664671	0.0	3096
tig00000174	NZ_CP041738.1	95.896	1852	62	11	628174	630018	3102456	3104300	0.0	2987
tig00000174	NZ_CP041738.1	95.896	1852	61	12	301745	303588	3102456	3104300	0.0	2985
tig00000174	NZ_CP041738.1	76.916	5493	1120	118	1159678	1165090	2238257	2232833	0.0	2983
tig00000174	NZ_CP041738.1	95.842	1852	61	13	1586730	1588572	3104300	3102456	0.0	2979
tig00000174	NZ_CP041738.1	95.788	1852	64	11	628174	630018	216093	214249	0.0	2976
tig00000174	NZ_CP041738.1	95.791	1853	62	13	1050535	1052379	3104300	3102456	0.0	2976
tig00000174	NZ_CP041738.1	95.788	1852	63	12	301745	303588	216093	214249	0.0	2974
tig00000174	NZ_CP041738.1	95.734	1852	63	13	1586730	1588572	214249	216093	0.0	2968
tig00000174	NZ_CP041738.1	95.683	1853	64	13	1050535	1052379	214249	216093	0.0	2964
tig00000174	NZ_CP041738.1	96.346	1779	53	9	628247	630018	999421	997648	0.0	2915
tig00000174	NZ_CP041738.1	96.346	1779	52	10	301818	303588	999421	997648	0.0	2913
tig00000174	NZ_CP041738.1	96.296	1782	53	10	628244	630018	2662896	2664671	0.0	2913
tig00000174	NZ_CP041738.1	96.346	1779	51	11	301818	303588	2662899	2664671	0.0	2913
tig00000174	NZ_CP041738.1	96.344	1778	53	9	11080	12850	3102527	3104299	0.0	2913
tig00000174	NZ_CP041738.1	96.290	1779	52	11	1586730	1588499	997648	999421	0.0	2907
tig00000174	NZ_CP041738.1	96.240	1782	52	12	1586730	1588502	2664671	2662896	0.0	2905
tig00000174	NZ_CP041738.1	96.236	1780	53	11	1050535	1052306	997648	999421	0.0	2904
tig00000174	NZ_CP041738.1	96.232	1778	55	9	11080	12850	216022	214250	0.0	2902
tig00000174	NZ_CP041738.1	96.186	1783	53	12	1050535	1052309	2664671	2662896	0.0	2902
tig00000174	NZ_CP041738.1	96.234	1779	54	10	398006	399776	3102527	3104300	0.0	2902
tig00000174	NZ_CP041738.1	96.121	1779	56	10	398006	399776	216022	214249	0.0	2891
tig00000174	NZ_CP041738.1	76.981	4796	992	96	2040449	2045191	2613360	2608624	0.0	2638
tig00000174	NZ_CP041738.1	99.414	1366	8	0	1592220	1593585	1780522	1779157	0.0	2479
tig00000174	NZ_CP041738.1	99.341	1366	9	0	898647	900012	1780522	1779157	0.0	2473
tig00000174	NZ_CP041738.1	99.851	1338	1	1	908610	909946	470459	471796	0.0	2459
tig00000174	NZ_CP041738.1	99.702	1343	3	1	1995186	1996527	470458	471800	0.0	2457
tig00000174	NZ_CP041738.1	99.776	1339	3	0	1888068	1889406	471796	470458	0.0	2457
tig00000174	NZ_CP041738.1	99.776	1339	3	0	1986165	1987503	470459	471797	0.0	2457
tig00000174	NZ_CP041738.1	99.702	1342	3	1	2064223	2065563	470459	471800	0.0	2455
tig00000174	NZ_CP041738.1	99.776	1338	3	0	2609110	2610447	471796	470459	0.0	2455
tig00000174	NZ_CP041738.1	99.776	1338	3	0	2254345	2255682	471796	470459	0.0	2455
tig00000174	NZ_CP041738.1	99.776	1338	3	0	1992526	1993863	471796	470459	0.0	2455
tig00000174	NZ_CP041738.1	75.729	5039	1139	67	1763559	1768552	1682784	1677785	0.0	2453
tig00000174	NZ_CP041738.1	99.701	1338	4	0	731762	733099	470459	471796	0.0	2449
tig00000174	NZ_CP041738.1	77.704	4041	830	59	2045422	2049430	2608390	2604389	0.0	2405
tig00000174	NZ_CP041738.1	85.926	2231	283	21	1724641	1726848	1876910	1874688	0.0	2351
tig00000174	NZ_CP041738.1	80.336	3092	540	56	1721116	1724164	1880402	1877336	0.0	2279
tig00000174	NZ_CP041738.1	76.829	4018	879	44	2106911	2110905	2224341	2220353	0.0	2215
tig00000174	NZ_CP041738.1	90.833	1560	139	4	520788	522344	1809249	1807691	0.0	2085
tig00000174	NZ_CP041738.1	90.495	1536	146	0	1940642	1942177	1800772	1799237	0.0	2028
tig00000174	NZ_CP041738.1	80.766	2610	486	15	859745	862346	843698	846299	0.0	2025
tig00000174	NZ_CP041738.1	82.008	2390	411	19	1942317	1944697	1799103	1796724	0.0	2013
tig00000174	NZ_CP041738.1	90.077	1552	154	0	1928521	1930072	1809242	1807691	0.0	2013
tig00000174	NZ_CP041738.1	80.445	2695	470	49	811169	813835	2874881	2872216	0.0	2004
tig00000174	NZ_CP041738.1	88.019	1686	202	0	541223	542908	469767	468082	0.0	1995
tig00000174	NZ_CP041738.1	82.089	2317	390	22	2131513	2133812	1253669	1255977	0.0	1956
tig00000174	NZ_CP041738.1	80.144	2644	505	18	1608741	1611376	2703400	2700769	0.0	1956
tig00000174	NZ_CP041738.1	96.287	1158	42	1	1901491	1902648	1789142	1787986	0.0	1899
tig00000174	NZ_CP041738.1	96.283	1157	42	1	240561	241717	1789141	1787986	0.0	1897
tig00000174	NZ_CP041738.1	85.761	1826	223	27	2098106	2099907	2241908	2240096	0.0	1897
tig00000174	NZ_CP041738.1	96.274	1154	42	1	31908	33061	1787986	1789138	0.0	1892
tig00000174	NZ_CP041738.1	75.903	3822	830	73	2640366	2644144	1574153	1577926	0.0	1871
tig00000174	NZ_CP041738.1	76.628	3547	731	81	1740080	1743570	2423288	2419784	0.0	1868
tig00000174	NZ_CP041738.1	83.130	2051	336	7	66504	68549	644218	642173	0.0	1862
tig00000174	NZ_CP041738.1	79.821	2577	502	14	2244856	2247424	2200185	2197619	0.0	1862
tig00000174	NZ_CP041738.1	76.501	3315	719	53	641326	644607	3126396	3129683	0.0	1751
tig00000174	NZ_CP041738.1	77.233	3079	631	48	2551150	2554205	1311780	1308749	0.0	1738
tig00000174	NZ_CP041738.1	75.816	3399	758	52	2540952	2544318	2291748	2295114	0.0	1664
tig00000174	NZ_CP041738.1	81.238	2084	361	23	179477	181542	2437919	2439990	0.0	1655
tig00000174	NZ_CP041738.1	80.545	2128	383	28	2554230	2556338	1308606	1306491	0.0	1607
tig00000174	NZ_CP041738.1	78.823	2361	488	12	1756172	1758526	1688366	1686012	0.0	1580
tig00000174	NZ_CP041738.1	78.223	2443	508	22	654404	656834	6674	9104	0.0	1543
tig00000174	NZ_CP041738.1	81.462	1861	331	12	1743577	1745429	2419728	2417874	0.0	1513
tig00000174	NZ_CP041738.1	75.934	3104	651	80	1372828	1375889	933634	936683	0.0	1506
tig00000174	NZ_CP041738.1	79.276	2181	430	17	2113798	2115968	1222348	1224516	0.0	1504
tig00000174	NZ_CP041738.1	88.044	1263	151	0	541400	542662	469098	467836	0.0	1496
tig00000174	NZ_CP041738.1	87.896	1264	153	0	541645	542908	469591	468328	0.0	1487
tig00000174	NZ_CP041738.1	74.549	3548	831	62	1792021	1795532	1659766	1656255	0.0	1483
tig00000174	NZ_CP041738.1	75.969	2967	656	45	1300704	1303631	1118989	1121937	0.0	1476
tig00000174	NZ_CP041738.1	80.635	1921	353	17	2547944	2549854	2298969	2300880	0.0	1469
tig00000174	NZ_CP041738.1	82.630	1658	282	5	405639	407294	209946	208293	0.0	1461
tig00000174	NZ_CP041738.1	84.899	1490	177	34	214501	215970	2522103	2523564	0.0	1461
tig00000174	NZ_CP041738.1	79.020	2183	412	40	201899	204058	405787	403628	0.0	1452
tig00000174	NZ_CP041738.1	97.512	844	20	1	571501	572344	520654	519812	0.0	1441
tig00000174	NZ_CP041738.1	78.101	2201	451	30	2645576	2647760	1579441	1581626	0.0	1365
tig00000174	NZ_CP041738.1	84.555	1392	192	17	138265	139641	544549	545932	0.0	1358
tig00000174	NZ_CP041738.1	84.555	1392	192	17	1433528	1434904	545932	544549	0.0	1358
tig00000174	NZ_CP041738.1	78.119	2180	432	32	68952	71109	641585	639429	0.0	1341
tig00000174	NZ_CP041738.1	76.901	2433	517	37	1816911	1819325	2248048	2245643	0.0	1338
tig00000174	NZ_CP041738.1	79.621	1899	353	28	2669531	2671410	1482316	1480433	0.0	1332
tig00000174	NZ_CP041738.1	74.321	3349	763	79	870062	873370	359383	362674	0.0	1330
tig00000174	NZ_CP041738.1	74.728	3122	703	67	260963	264034	1883829	1886914	0.0	1315
tig00000174	NZ_CP041738.1	75.160	2814	644	48	1758792	1761577	1685792	1683006	0.0	1273
tig00000174	NZ_CP041738.1	78.210	2033	392	42	1529020	1531028	872843	874848	0.0	1253
tig00000174	NZ_CP041738.1	74.606	2918	674	60	2145728	2148612	705112	707995	0.0	1221
tig00000174	NZ_CP041738.1	81.127	1526	280	7	634619	636140	3108501	3110022	0.0	1216
tig00000174	NZ_CP041738.1	80.122	1640	312	14	666308	667940	17387	19019	0.0	1210
tig00000174	NZ_CP041738.1	76.221	2313	522	23	1442944	1445239	2433886	2431585	0.0	1199
tig00000174	NZ_CP041738.1	87.807	1017	124	0	541400	542416	468852	467836	0.0	1192
tig00000174	NZ_CP041738.1	75.194	2576	590	38	1813042	1815591	2252099	2249547	0.0	1171
tig00000174	NZ_CP041738.1	86.857	1050	121	15	574379	575421	3034167	3035206	0.0	1158
tig00000174	NZ_CP041738.1	77.263	1900	418	13	1615033	1616924	2694095	2692202	0.0	1103
tig00000174	NZ_CP041738.1	80.638	1410	260	11	834084	835485	784759	786163	0.0	1079
tig00000174	NZ_CP041738.1	84.244	1117	158	14	1344589	1345693	910803	911913	0.0	1072
tig00000174	NZ_CP041738.1	74.081	2747	644	63	699623	702338	146578	149287	0.0	1066
tig00000174	NZ_CP041738.1	74.929	2477	535	74	724460	726890	181500	183936	0.0	1055
tig00000174	NZ_CP041738.1	79.356	1429	281	14	15775	17196	994786	993365	0.0	992
tig00000174	NZ_CP041738.1	80.751	1278	240	6	1295298	1296572	2044702	2043428	0.0	992
tig00000174	NZ_CP041738.1	74.581	2384	527	55	2630855	2633186	1545516	1547872	0.0	972
tig00000174	NZ_CP041738.1	76.012	1951	424	34	610789	612711	3071143	3069209	0.0	970
tig00000174	NZ_CP041738.1	84.481	973	143	8	1299582	1300551	1117862	1118829	0.0	953
tig00000174	NZ_CP041738.1	88.846	771	86	0	541400	542170	468606	467836	0.0	948
tig00000174	NZ_CP041738.1	79.523	1343	261	14	2477413	2478746	1462537	1461200	0.0	944
tig00000174	NZ_CP041738.1	77.899	1552	304	25	856126	857666	841209	842732	0.0	929
tig00000174	NZ_CP041738.1	87.021	809	105	0	909138	909946	443801	444609	0.0	913
tig00000174	NZ_CP041738.1	86.855	814	106	1	1986694	1987506	443801	444614	0.0	909
tig00000174	NZ_CP041738.1	86.897	809	106	0	2609110	2609918	444609	443801	0.0	907
tig00000174	NZ_CP041738.1	86.897	809	106	0	2254345	2255153	444609	443801	0.0	907
tig00000174	NZ_CP041738.1	86.897	809	106	0	732291	733099	443801	444609	0.0	907
tig00000174	NZ_CP041738.1	86.897	809	106	0	1992526	1993334	444609	443801	0.0	907
tig00000174	NZ_CP041738.1	86.897	809	106	0	1888068	1888876	444609	443801	0.0	907
tig00000174	NZ_CP041738.1	86.897	809	106	0	1995716	1996524	443801	444609	0.0	907
tig00000174	NZ_CP041738.1	86.897	809	106	0	2064752	2065560	443801	444609	0.0	907
tig00000174	NZ_CP041738.1	81.337	1152	172	34	702649	703777	154696	155827	0.0	896
tig00000174	NZ_CP041738.1	75.987	1799	393	37	54428	56207	2647246	2649024	0.0	893
tig00000174	NZ_CP041738.1	77.127	1622	316	43	782268	783856	2878921	2877322	0.0	889
tig00000174	NZ_CP041738.1	79.212	1294	257	11	632780	634067	3107002	3108289	0.0	889
tig00000174	NZ_CP041738.1	79.244	1296	244	20	20857	22144	990446	989168	0.0	880
tig00000174	NZ_CP041738.1	76.557	1638	361	21	1969213	1970839	1771241	1769616	0.0	876
tig00000174	NZ_CP041738.1	80.496	1128	209	8	2691349	2692472	1456122	1455002	0.0	854
tig00000174	NZ_CP041738.1	77.328	1482	310	23	1391413	1392882	952303	953770	0.0	852
tig00000174	NZ_CP041738.1	82.769	975	148	13	213359	214322	2521027	2521992	0.0	852
tig00000174	NZ_CP041738.1	81.134	1076	190	13	2111531	2112599	1219971	1221040	0.0	850
tig00000174	NZ_CP041738.1	79.538	1212	230	16	2671598	2672798	1480273	1479069	0.0	848
tig00000174	NZ_CP041738.1	78.320	1333	268	19	2100020	2101339	2239859	2238535	0.0	841
tig00000174	NZ_CP041738.1	96.600	500	17	0	543636	544135	467612	467113	0.0	830
tig00000174	NZ_CP041738.1	76.769	1498	316	28	739782	741266	2927038	2925560	0.0	809
tig00000174	NZ_CP041738.1	95.800	500	21	0	543132	543631	467360	466861	0.0	808
tig00000174	NZ_CP041738.1	77.443	1392	278	24	1950969	1952337	545937	544559	0.0	798
tig00000174	NZ_CP041738.1	75.383	1698	390	24	1565147	1566831	1131553	1133235	0.0	795
tig00000174	NZ_CP041738.1	74.905	1841	409	39	630614	632427	3104819	3106633	0.0	791
tig00000174	NZ_CP041738.1	77.333	1350	296	9	985425	986769	570701	572045	0.0	789
tig00000174	NZ_CP041738.1	77.804	1284	277	8	2579599	2580878	2202521	2203800	0.0	785
tig00000174	NZ_CP041738.1	78.204	1225	249	16	1140505	1141719	1968730	1967514	0.0	767
tig00000174	NZ_CP041738.1	78.929	1158	220	21	1537170	1538314	881418	882564	0.0	765
tig00000174	NZ_CP041738.1	86.096	712	98	1	1932864	1933575	1805886	1805176	0.0	765
tig00000174	NZ_CP041738.1	80.812	985	178	10	1893918	1894896	449832	448853	0.0	761
tig00000174	NZ_CP041738.1	86.217	711	87	8	1932862	1933568	2178735	2178032	0.0	760
tig00000174	NZ_CP041738.1	85.896	709	98	2	525136	525842	1805886	1805178	0.0	754
tig00000174	NZ_CP041738.1	74.012	1924	467	31	2180234	2182140	656411	658318	0.0	752
tig00000174	NZ_CP041738.1	73.387	2108	515	39	2222815	2224896	1258545	1260632	0.0	743
tig00000174	NZ_CP041738.1	77.697	1233	255	17	2644308	2645530	1578081	1579303	0.0	736
tig00000174	NZ_CP041738.1	79.261	1056	208	11	2608035	2609084	2593130	2594180	0.0	726
tig00000174	NZ_CP041738.1	73.538	2052	481	55	48275	50292	2640976	2642999	0.0	725
tig00000174	NZ_CP041738.1	73.292	2093	490	54	1547737	1549786	1868321	1866255	0.0	704
tig00000174	NZ_CP041738.1	75.768	1432	320	22	2218285	2219702	679224	680642	0.0	697
tig00000174	NZ_CP041738.1	79.809	941	188	2	204115	205054	403423	402484	0.0	684
tig00000174	NZ_CP041738.1	84.100	717	90	15	880435	881130	860182	860895	0.0	671
tig00000174	NZ_CP041738.1	89.524	525	55	0	541400	541924	468360	467836	0.0	665
tig00000174	NZ_CP041738.1	85.174	661	83	11	881180	881828	860983	861640	0.0	664
tig00000174	NZ_CP041738.1	82.548	785	100	21	540414	541195	470308	469558	0.0	656
tig00000174	NZ_CP041738.1	74.007	1712	390	43	2076695	2078371	2585261	2583570	0.0	645
tig00000174	NZ_CP041738.1	83.382	692	109	6	1807690	1808379	2255404	2254717	2.46e-179	636
tig00000174	NZ_CP041738.1	72.933	1814	454	33	741689	743482	2925141	2923345	4.18e-167	595
tig00000174	NZ_CP041738.1	73.626	1619	384	33	272771	274371	1893120	1894713	9.05e-164	584
tig00000174	NZ_CP041738.1	76.676	1089	233	17	893023	894102	2852411	2851335	9.05e-164	584
tig00000174	NZ_CP041738.1	75.204	1226	286	18	988620	989835	895583	896800	1.18e-157	564
tig00000174	NZ_CP041738.1	75.571	1183	262	26	1604737	1605904	303506	304676	5.49e-156	558
tig00000174	NZ_CP041738.1	79.379	805	144	15	656994	657789	9235	10026	1.19e-152	547
tig00000174	NZ_CP041738.1	77.143	945	181	24	1715783	1716709	1094402	1095329	3.35e-143	516
tig00000174	NZ_CP041738.1	81.289	636	117	2	1913897	1914531	1620465	1619831	1.20e-142	514
tig00000174	NZ_CP041738.1	81.221	639	112	8	823189	823824	766336	766969	5.60e-141	508
tig00000174	NZ_CP041738.1	78.240	841	149	29	738930	739751	2927925	2927100	5.60e-141	508
tig00000174	NZ_CP041738.1	91.781	365	10	6	392877	393241	221632	221288	2.03e-135	490
tig00000174	NZ_CP041738.1	74.446	1174	282	15	1224564	1225728	338433	339597	2.03e-135	490
tig00000174	NZ_CP041738.1	72.055	1732	406	63	1029569	1031275	2769949	2771627	4.46e-122	446
tig00000174	NZ_CP041738.1	73.080	1393	320	45	1950973	1952337	1779157	1780522	1.60e-121	444
tig00000174	NZ_CP041738.1	87.968	374	43	2	1997192	1997564	1046506	1046878	2.07e-120	440
tig00000174	NZ_CP041738.1	73.935	1197	267	38	2428350	2429520	1649267	1650444	2.07e-120	440
tig00000174	NZ_CP041738.1	77.161	775	160	16	613173	613939	3068775	3068010	9.65e-119	435
tig00000174	NZ_CP041738.1	97.984	248	5	0	543132	543379	467108	466861	1.25e-117	431
tig00000174	NZ_CP041738.1	74.563	1030	237	23	1533742	1534758	878363	879380	1.61e-116	427
tig00000174	NZ_CP041738.1	91.772	316	9	4	392345	392645	221453	221140	2.09e-115	424
tig00000174	NZ_CP041738.1	73.803	1149	266	25	62762	63885	2655673	2656811	7.51e-115	422
tig00000174	NZ_CP041738.1	88.669	353	27	8	1858014	1858355	1323706	1323356	9.72e-114	418
tig00000174	NZ_CP041738.1	71.679	1656	418	43	1317613	1319249	2564290	2562667	4.52e-112	412
tig00000174	NZ_CP041738.1	95.968	248	10	0	543888	544135	467612	467365	2.72e-109	403
tig00000174	NZ_CP041738.1	95.547	247	3	4	392268	392510	220866	220624	7.62e-105	388
tig00000174	NZ_CP041738.1	85.901	383	21	17	2771176	2771554	1003965	1003612	1.65e-101	377
tig00000174	NZ_CP041738.1	85.901	383	21	17	6461	6839	1003965	1003612	1.65e-101	377
tig00000174	NZ_CP041738.1	95.238	231	11	0	1904165	1904395	1787985	1787755	3.57e-98	366
tig00000174	NZ_CP041738.1	77.456	621	132	7	2158432	2159050	2367881	2367267	1.28e-97	364
tig00000174	NZ_CP041738.1	89.606	279	29	0	541400	541678	468114	467836	7.73e-95	355
tig00000174	NZ_CP041738.1	84.358	358	50	3	657883	658237	10174	10528	4.65e-92	346
tig00000174	NZ_CP041738.1	73.729	944	222	23	1086957	1087887	1507386	1508316	4.65e-92	346
tig00000174	NZ_CP041738.1	74.934	758	184	6	1900402	1901156	1628730	1627976	6.02e-91	342
tig00000174	NZ_CP041738.1	79.406	505	89	14	60998	61495	2654847	2655343	6.02e-91	342
tig00000174	NZ_CP041738.1	83.421	380	42	18	2450950	2451318	1101949	1101580	3.62e-88	333
tig00000174	NZ_CP041738.1	76.117	649	138	13	2263289	2263928	1807692	1807052	2.18e-85	324
tig00000174	NZ_CP041738.1	76.117	649	138	13	1892135	1892774	1807692	1807052	2.18e-85	324
tig00000174	NZ_CP041738.1	76.117	649	138	13	1553602	1554241	1807692	1807052	2.18e-85	324
tig00000174	NZ_CP041738.1	76.117	649	138	13	2747431	2748070	1807052	1807692	2.18e-85	324
tig00000174	NZ_CP041738.1	79.130	460	92	4	1849614	1850072	2311191	2310735	1.31e-82	315
tig00000174	NZ_CP041738.1	87.415	294	6	10	392678	392950	221076	220793	6.10e-81	309
tig00000174	NZ_CP041738.1	73.260	905	215	23	1888478	1889369	1796113	1795223	7.89e-80	305
tig00000174	NZ_CP041738.1	80.872	413	51	19	2682030	2682428	1472538	1472140	3.67e-78	300
tig00000174	NZ_CP041738.1	73.149	905	216	23	731798	732689	1795223	1796113	3.67e-78	300
tig00000174	NZ_CP041738.1	85.938	256	34	2	541162	541416	467869	467615	8.01e-70	272
tig00000174	NZ_CP041738.1	75.488	563	132	6	1571292	1571851	2095549	2094990	2.88e-69	270
tig00000174	NZ_CP041738.1	83.729	295	36	6	1750088	1750370	1272456	1272750	1.04e-68	268
tig00000174	NZ_CP041738.1	92.697	178	13	0	1926800	1926977	1810488	1810311	2.24e-65	257
tig00000174	NZ_CP041738.1	74.660	588	139	10	1312353	1312935	2320659	2320077	1.04e-63	252
tig00000174	NZ_CP041738.1	90.323	186	18	0	518155	518340	1810488	1810303	1.75e-61	244
tig00000174	NZ_CP041738.1	79.765	341	63	4	2287009	2287348	718377	718712	6.28e-61	243
tig00000174	NZ_CP041738.1	85.714	238	25	8	2287127	2287357	1323587	1323352	6.28e-61	243
tig00000174	NZ_CP041738.1	85.470	234	29	5	2070548	2070779	2628249	2628019	8.12e-60	239
tig00000174	NZ_CP041738.1	91.716	169	8	4	1215534	1215701	1247886	1248049	4.89e-57	230
tig00000174	NZ_CP041738.1	95.139	144	7	0	1923946	1924089	1810630	1810487	1.76e-56	228
tig00000174	NZ_CP041738.1	87.204	211	5	5	392678	392866	220511	220301	2.94e-54	220
tig00000174	NZ_CP041738.1	78.386	347	70	5	1316473	1316816	2576608	2576264	2.94e-54	220
tig00000174	NZ_CP041738.1	82.283	254	44	1	245773	246025	2481426	2481679	1.06e-53	219
tig00000174	NZ_CP041738.1	99.160	119	1	0	138276	138394	1779038	1779156	1.37e-52	215
tig00000174	NZ_CP041738.1	99.160	119	1	0	1434775	1434893	1779156	1779038	1.37e-52	215
tig00000174	NZ_CP041738.1	93.662	142	9	0	515303	515444	1810628	1810487	4.92e-52	213
tig00000174	NZ_CP041738.1	79.511	327	44	20	1156609	1156929	2343339	2343030	1.77e-51	211
tig00000174	NZ_CP041738.1	87.129	202	5	4	393334	393514	221076	220875	6.37e-51	209
tig00000174	NZ_CP041738.1	89.017	173	12	4	2770949	2771116	1003782	1003612	2.29e-50	207
tig00000174	NZ_CP041738.1	89.017	173	12	4	6234	6401	1003782	1003612	2.29e-50	207
tig00000174	NZ_CP041738.1	72.958	710	147	39	1719520	1720204	719364	720053	8.24e-50	206
tig00000174	NZ_CP041738.1	82.969	229	30	8	647541	647765	3151506	3151729	1.38e-47	198
tig00000174	NZ_CP041738.1	84.181	177	28	0	1926800	1926976	2183432	2183256	8.35e-40	172
tig00000174	NZ_CP041738.1	90.152	132	11	2	233463	233593	2470601	2470731	3.00e-39	171
tig00000174	NZ_CP041738.1	96.000	100	4	0	551483	551582	1787662	1787761	5.03e-37	163
tig00000174	NZ_CP041738.1	76.254	299	67	4	1772844	1773140	1675602	1675306	8.41e-35	156
tig00000174	NZ_CP041738.1	85.256	156	15	7	392863	393016	1003122	1002973	3.03e-34	154
tig00000174	NZ_CP041738.1	97.674	86	2	0	2771632	2771717	1272672	1272587	1.41e-32	148
tig00000174	NZ_CP041738.1	97.674	86	2	0	6917	7002	1272672	1272587	1.41e-32	148
tig00000174	NZ_CP041738.1	87.121	132	16	1	908650	908781	1778989	1778859	1.41e-32	148
tig00000174	NZ_CP041738.1	76.140	285	63	4	1196827	1197110	906275	906555	1.82e-31	145
tig00000174	NZ_CP041738.1	97.619	84	2	0	1750211	1750294	1003418	1003501	1.82e-31	145
tig00000174	NZ_CP041738.1	100.000	77	0	0	1595254	1595330	1002812	1002888	6.55e-31	143
tig00000174	NZ_CP041738.1	100.000	77	0	0	1595254	1595330	2659509	2659433	6.55e-31	143
tig00000174	NZ_CP041738.1	97.561	82	2	0	393721	393802	999508	999427	2.36e-30	141
tig00000174	NZ_CP041738.1	83.544	158	19	5	2314913	2315065	1247894	1248049	2.36e-30	141
tig00000174	NZ_CP041738.1	81.395	172	32	0	339384	339555	2101302	2101473	2.36e-30	141
tig00000174	NZ_CP041738.1	100.000	76	0	0	393721	393796	2662812	2662887	2.36e-30	141
tig00000174	NZ_CP041738.1	100.000	76	0	0	624139	624214	3098467	3098542	2.36e-30	141
tig00000174	NZ_CP041738.1	100.000	75	0	0	397923	397997	220090	220016	8.47e-30	139
tig00000174	NZ_CP041738.1	100.000	75	0	0	10997	11071	220090	220016	8.47e-30	139
tig00000174	NZ_CP041738.1	94.565	92	2	3	392259	392347	221644	221553	8.47e-30	139
tig00000174	NZ_CP041738.1	92.708	96	7	0	1365928	1366023	926774	926869	8.47e-30	139
tig00000174	NZ_CP041738.1	100.000	75	0	0	393814	393888	3098468	3098542	8.47e-30	139
tig00000174	NZ_CP041738.1	88.696	115	9	4	2771395	2771508	1272752	1272641	3.05e-29	137
tig00000174	NZ_CP041738.1	88.696	115	9	4	6680	6793	1272752	1272641	3.05e-29	137
tig00000174	NZ_CP041738.1	97.500	80	1	1	1341388	1341467	910667	910589	1.10e-28	135
tig00000174	NZ_CP041738.1	97.436	78	2	0	393241	393318	1003295	1003218	3.94e-28	134
tig00000174	NZ_CP041738.1	87.719	114	14	0	873473	873586	2894228	2894341	3.94e-28	134
tig00000174	NZ_CP041738.1	87.719	114	14	0	1247111	1247224	2894228	2894341	3.94e-28	134
tig00000174	NZ_CP041738.1	87.719	114	14	0	676848	676961	2894341	2894228	3.94e-28	134
tig00000174	NZ_CP041738.1	98.649	74	1	0	2771998	2772071	220866	220793	1.42e-27	132
tig00000174	NZ_CP041738.1	98.649	74	1	0	7283	7356	220866	220793	1.42e-27	132
tig00000174	NZ_CP041738.1	98.649	74	1	0	2771998	2772071	221632	221559	1.42e-27	132
tig00000174	NZ_CP041738.1	98.649	74	1	0	7283	7356	221632	221559	1.42e-27	132
tig00000174	NZ_CP041738.1	98.649	74	1	0	392268	392341	1003109	1003036	1.42e-27	132
tig00000174	NZ_CP041738.1	96.250	80	3	0	1750291	1750370	1003693	1003772	1.42e-27	132
tig00000174	NZ_CP041738.1	84.028	144	16	6	2314915	2315054	1004468	1004328	1.42e-27	132
tig00000174	NZ_CP041738.1	84.328	134	21	0	1642716	1642849	1146407	1146540	1.42e-27	132
tig00000174	NZ_CP041738.1	97.368	76	2	0	2771910	2771985	219394	219319	5.10e-27	130
tig00000174	NZ_CP041738.1	97.368	76	2	0	7195	7270	219394	219319	5.10e-27	130
tig00000174	NZ_CP041738.1	97.368	76	2	0	2290220	2290295	220205	220280	5.10e-27	130
tig00000174	NZ_CP041738.1	93.333	90	3	3	2770858	2770946	1003966	1003879	5.10e-27	130
tig00000174	NZ_CP041738.1	93.333	90	3	3	6143	6231	1003966	1003879	5.10e-27	130
tig00000174	NZ_CP041738.1	95.122	82	4	0	2770960	2771041	1272751	1272670	5.10e-27	130
tig00000174	NZ_CP041738.1	95.122	82	4	0	6245	6326	1272751	1272670	5.10e-27	130
tig00000174	NZ_CP041738.1	97.368	76	2	0	7195	7270	3099155	3099230	5.10e-27	130
tig00000174	NZ_CP041738.1	97.368	76	2	0	2771910	2771985	3099155	3099230	5.10e-27	130
tig00000174	NZ_CP041738.1	97.333	75	2	0	624759	624833	1003209	1003135	1.83e-26	128
tig00000174	NZ_CP041738.1	97.333	75	2	0	394421	394495	1003209	1003135	1.83e-26	128
tig00000174	NZ_CP041738.1	97.333	75	2	0	392589	392663	1003291	1003217	1.83e-26	128
tig00000174	NZ_CP041738.1	86.842	114	15	0	988310	988423	2894228	2894341	1.83e-26	128
tig00000174	NZ_CP041738.1	83.453	139	20	3	2488121	2488258	2894364	2894228	6.60e-26	126
tig00000174	NZ_CP041738.1	91.304	92	7	1	1503188	1503278	2356320	2356229	2.37e-25	124
tig00000174	NZ_CP041738.1	78.199	211	33	12	2198734	2198935	1489937	1490143	8.53e-25	122
tig00000174	NZ_CP041738.1	94.872	78	3	1	2771718	2771794	221278	221201	3.07e-24	121
tig00000174	NZ_CP041738.1	94.872	78	3	1	7003	7079	221278	221201	3.07e-24	121
tig00000174	NZ_CP041738.1	85.000	120	17	1	2438911	2439029	1335544	1335425	3.07e-24	121
tig00000174	NZ_CP041738.1	91.011	89	8	0	392767	392855	2592720	2592808	3.07e-24	121
tig00000174	NZ_CP041738.1	91.011	89	8	0	393423	393511	2592720	2592808	3.07e-24	121
tig00000174	NZ_CP041738.1	90.323	93	5	4	2607712	2607803	1261255	1261344	1.10e-23	119
tig00000174	NZ_CP041738.1	97.101	69	2	0	2063038	2063106	220212	220280	3.97e-23	117
tig00000174	NZ_CP041738.1	85.088	114	17	0	1437720	1437833	2894228	2894341	3.97e-23	117
tig00000174	NZ_CP041738.1	94.595	74	4	0	1432854	1432927	220208	220281	1.43e-22	115
tig00000174	NZ_CP041738.1	94.595	74	4	0	1994744	1994817	220208	220281	1.43e-22	115
tig00000174	NZ_CP041738.1	94.595	74	4	0	140242	140315	220281	220208	1.43e-22	115
tig00000174	NZ_CP041738.1	85.586	111	15	1	1215544	1215653	1004468	1004358	1.43e-22	115
tig00000174	NZ_CP041738.1	70.847	590	144	21	1093072	1093646	2570401	2569825	1.85e-21	111
tig00000174	NZ_CP041738.1	94.286	70	4	0	624014	624083	219913	219844	2.39e-20	108
tig00000174	NZ_CP041738.1	94.286	70	4	0	624011	624080	3098633	3098702	2.39e-20	108
tig00000174	NZ_CP041738.1	98.361	61	0	1	572775	572834	414034	414094	8.59e-20	106
tig00000174	NZ_CP041738.1	85.714	105	8	3	600932	601033	1489981	1490081	3.09e-19	104
tig00000174	NZ_CP041738.1	96.825	63	1	1	572773	572834	1771475	1771413	3.09e-19	104
tig00000174	NZ_CP041738.1	100.000	55	0	0	509518	509572	3034231	3034285	1.11e-18	102
tig00000174	NZ_CP041738.1	80.292	137	19	6	515510	515642	423008	423140	5.17e-17	97.1
tig00000174	NZ_CP041738.1	80.292	137	19	6	1924155	1924287	423008	423140	5.17e-17	97.1
tig00000174	NZ_CP041738.1	73.896	249	59	3	2494074	2494319	696017	696262	1.86e-16	95.3
tig00000174	NZ_CP041738.1	81.818	121	15	6	799547	799664	2504374	2504258	1.86e-16	95.3
tig00000174	NZ_CP041738.1	76.374	182	37	5	1579298	1579477	1134621	1134798	6.69e-16	93.5
tig00000174	NZ_CP041738.1	98.077	52	1	0	509517	509568	3024878	3024929	2.41e-15	91.6
tig00000174	NZ_CP041738.1	87.671	73	7	2	1219975	1220046	1980245	1980174	4.03e-13	84.2
tig00000174	NZ_CP041738.1	97.917	48	1	0	1732965	1733012	2398774	2398727	4.03e-13	84.2
tig00000174	NZ_CP041738.1	90.476	63	4	2	649637	649699	1482	1542	1.45e-12	82.4
tig00000174	NZ_CP041738.1	87.324	71	9	0	128772	128842	2084182	2084252	1.45e-12	82.4
tig00000174	NZ_CP041738.1	88.406	69	4	4	694544	694610	140427	140493	5.21e-12	80.5
tig00000174	NZ_CP041738.1	79.646	113	21	2	71757	71868	2894341	2894230	5.21e-12	80.5
tig00000174	NZ_CP041738.1	77.344	128	27	2	672204	672330	1302390	1302516	2.42e-10	75.0
tig00000174	NZ_CP041738.1	80.000	100	15	4	1627616	1627711	2447777	2447679	1.13e-08	69.4
tig00000174	NZ_CP041738.1	100.000	34	0	0	522343	522376	1805921	1805888	5.24e-07	63.9
tig00000174	NZ_CP041739.1	99.557	1353	6	0	2254338	2255690	47121	48473	0.0	2466
tig00000174	NZ_CP041739.1	99.776	1342	2	1	908610	909950	48465	47124	0.0	2460
tig00000174	NZ_CP041739.1	99.776	1341	3	0	2064220	2065560	48468	47128	0.0	2460
tig00000174	NZ_CP041739.1	99.776	1339	3	0	1986164	1987502	48466	47128	0.0	2457
tig00000174	NZ_CP041739.1	99.776	1339	3	0	1992526	1993864	47128	48466	0.0	2457
tig00000174	NZ_CP041739.1	99.776	1338	3	0	1995187	1996524	48465	47128	0.0	2455
tig00000174	NZ_CP041739.1	99.776	1338	3	0	1888068	1889405	47128	48465	0.0	2455
tig00000174	NZ_CP041739.1	99.776	1338	3	0	2609110	2610447	47128	48465	0.0	2455
tig00000174	NZ_CP041739.1	99.701	1338	4	0	731762	733099	48465	47128	0.0	2449
tig00000174	NZ_CP041739.1	80.292	137	19	6	515510	515642	5156	5288	5.17e-17	97.1
tig00000174	NZ_CP041739.1	80.292	137	19	6	1924155	1924287	5156	5288	5.17e-17	97.1
tig00000174	NZ_CP041740.1	99.765	426	1	0	731076	731501	12234	12659	0.0	782
tig00000174	NZ_CP041740.1	99.765	425	1	0	731076	731500	15001	14577	0.0	780
tig00000174	NZ_CP041740.1	99.529	425	2	0	768721	769145	12234	12658	0.0	774
tig00000174	NZ_CP041740.1	99.529	425	2	0	1837475	1837899	12658	12234	0.0	774
tig00000174	NZ_CP041740.1	99.529	425	2	0	1837475	1837899	14577	15001	0.0	774
tig00000174	NZ_CP041740.1	99.529	425	2	0	768721	769145	15001	14577	0.0	774
tig00000174	NZ_CP041740.1	71.689	1095	270	34	2016561	2017634	33927	35002	1.04e-68	268
